2022-04-04 15:53:18 [CLIENT] [INFO] Setting user: Brykie
2022-04-04 15:53:19 [CLIENT] [INFO] LWJGL Version: 2.9.0
2022-04-04 15:53:19 [CLIENT] [INFO] Reloading ResourceManager: Default
2022-04-04 15:53:22 [CLIENT] [INFO] Reloading ResourceManager: Default, FMLFileResourcePack:Forge Mod Loader, FMLFileResourcePack:Minecraft Forge, FMLFileResourcePack:Immibis's Microblocks, FMLFileResourcePack:Not Enough Items, FMLFileResourcePack:PowerCrystals Core, FMLFileResourcePack:Applied Energistics, FMLFileResourcePack:Atomic Science, FMLFileResourcePack:Autoutils, FMLFileResourcePack:Backpack, FMLFileResourcePack:Big Reactors, FMLFileResourcePack:bspkrsCore, FMLFileResourcePack:BC Builders, FMLFileResourcePack:BuildCraft, FMLFileResourcePack:BC Energy, FMLFileResourcePack:BC Factory, FMLFileResourcePack:BC Silicon, FMLFileResourcePack:BC Transport, FMLFileResourcePack:Additional Buildcraft Objects, FMLFileResourcePack:Calclavia, FMLFileResourcePack:Carpenter's Blocks, FMLFileResourcePack:ChickenChunks, FMLFileResourcePack:CoFH Core, FMLFileResourcePack:CoFH Loot, FMLFileResourcePack:CoFH Masquerade, FMLFileResourcePack:CoFH Social, FMLFileResourcePack:CoFH World, FMLFileResourcePack:ComputerCraft Turtles, FMLFileResourcePack:ComputerCraft, FMLFileResourcePack:Dimensional Anchors, FMLFileResourcePack:Dimensional Doors, FMLFileResourcePack:EnderStorage, FMLFileResourcePack:Equivalent Exchange 3, FMLFileResourcePack:ExtraCells, FMLFileResourcePack:Extra Utilities, FMLFileResourcePack:Galacticraft Core, FMLFileResourcePack:Galacticraft Mars, FMLFileResourcePack:Greg's Lighting, FMLFileResourcePack:Immibis Core, FMLFileResourcePack:Inventory Tweaks, FMLFileResourcePack:Iron Chest, FMLFileResourcePack:Logistics Pipes, FMLFileResourcePack:MFR Compat Forestry Trees, FMLFileResourcePack:MFR Compat Extra Trees, FMLFileResourcePack:MineFactory Reloaded, FMLFileResourcePack:MFR Compat: Applied Energistics, FMLFileResourcePack:MFR Compat: Atum, FMLFileResourcePack:MFR Compat: BackTools, FMLFileResourcePack:MFR Compat: BuildCraft, FMLFileResourcePack:MFR Compat: Chococraft, FMLFileResourcePack:MFR Compat: ExtraBiomes, FMLFileResourcePack:MFR Compat: Forestry, FMLFileResourcePack:MFR Compat: Forestry (part 2), FMLFileResourcePack:MFR Compat: ForgeMicroblock, FMLFileResourcePack:MFR Compat: IC2, FMLFileResourcePack:MFR Compat: Mystcraft, FMLFileResourcePack:MFR Compat: Pam's Mods, FMLFileResourcePack:MFR Compat ProjectRed, FMLFileResourcePack:MFR Compat: Railcraft, FMLFileResourcePack:MFR Compat: RP2, FMLFileResourcePack:MFR Compat: Sufficient Biomes, FMLFileResourcePack:MFR Compat: Thaumcraft, FMLFileResourcePack:MFR Compat: Thermal Expansion, FMLFileResourcePack:MFR Compat: TwilightForest, FMLFileResourcePack:MFR Compat: Vanilla, FMLFileResourcePack:MFR Compat: XyCraft, FMLFileResourcePack:Modular Force Field System, FMLFileResourcePack:MachineMuse's Modular Powersuits, FMLFileResourcePack:Mystcraft, FMLFileResourcePack:NEI Plugins, FMLFileResourcePack:Nether Ores, FMLFileResourcePack:Numina, FMLFileResourcePack:OpenCCSensors, FMLFileResourcePack:OpenMods, FMLFileResourcePack:OpenPeripheralAddons, FMLFileResourcePack:OpenPeripheralCore, FMLFileResourcePack:Andrew's Modular Powersuits Addons, FMLFileResourcePack:Project Bench, FMLFileResourcePack:ProjectRed, FMLFileResourcePack:ProjectRed-Compatibility, FMLFileResourcePack:ProjectRed-Integration, FMLFileResourcePack:ProjectRed-Transmission, FMLFileResourcePack:ProjectRed-Illumination, FMLFileResourcePack:ProjectRed-Expansion, FMLFileResourcePack:ProjectRed-Transportation, FMLFileResourcePack:ProjectRed-Exploration, FMLFileResourcePack:qCraft, FMLFileResourcePack:Redstone Arsenal, FMLFileResourcePack:Redstone In Motion, FMLFileResourcePack:Simply Jetpacks, FMLFileResourcePack:Steve's Carts 2, FMLFileResourcePack:Thermal Expansion, FMLFileResourcePack:Trade Booth Mod, FMLFileResourcePack:Treecapitator, FMLFileResourcePack:Universal Electricity, FMLFileResourcePack:Vending, FMLFileResourcePack:Waila, FMLFileResourcePack:Balkon's WeaponMod, FMLFileResourcePack:WR-CBE Addons, FMLFileResourcePack:WR-CBE Core, FMLFileResourcePack:WR-CBE Logic, FMLFileResourcePack:Forge Microblocks, FMLFileResourcePack:Forge Multipart, FMLFileResourcePack:Minecraft Multipart Plugin
2022-04-04 15:53:32 [CLIENT] [SEVERE] Using missing texture, unable to load: ee3:textures/blocks/null.png
2022-04-04 15:53:32 [CLIENT] [SEVERE] Using missing texture, unable to load: atomicscience:textures/blocks/uraniumOre_bottom.png
2022-04-04 15:53:32 [CLIENT] [SEVERE] Using missing texture, unable to load: ironchest:textures/blocks/dirtchest9000_front.png
2022-04-04 15:53:32 [CLIENT] [SEVERE] Using missing texture, unable to load: calclavia:textures/blocks/infinite.png
2022-04-04 15:53:32 [CLIENT] [SEVERE] Using missing texture, unable to load: galacticraftcore:textures/blocks/treasure_front_single.png
2022-04-04 15:53:32 [CLIENT] [SEVERE] Using missing texture, unable to load: calclavia:textures/blocks/multiPart.png
2022-04-04 15:53:32 [CLIENT] [SEVERE] Using missing texture, unable to load: atomicscience:textures/blocks/quantumAssembler.png
2022-04-04 15:53:32 [CLIENT] [SEVERE] Using missing texture, unable to load: ironchest:textures/blocks/dirtchest9000_top.png
2022-04-04 15:53:32 [CLIENT] [SEVERE] Using missing texture, unable to load: atomicscience:textures/blocks/uraniumOre_top.png
2022-04-04 15:53:32 [CLIENT] [SEVERE] Using missing texture, unable to load: atomicscience:textures/blocks/fusionReactor.png
2022-04-04 15:53:32 [CLIENT] [SEVERE] Using missing texture, unable to load: atomicscience:textures/blocks/chemicalExtractor.png
2022-04-04 15:53:32 [CLIENT] [SEVERE] Using missing texture, unable to load: openperipheral:textures/blocks/sensor.png
2022-04-04 15:53:32 [CLIENT] [SEVERE] Using missing texture, unable to load: ironchest:textures/blocks/dirtchest9000_side.png
2022-04-04 15:53:32 [CLIENT] [SEVERE] Using missing texture, unable to load: atomicscience:textures/blocks/nuclearBoiler.png
2022-04-04 15:53:32 [CLIENT] [SEVERE] Using missing texture, unable to load: atomicscience:textures/blocks/centrifuge.png
2022-04-04 15:53:32 [CLIENT] [SEVERE] Using missing texture, unable to load: galacticraftcore:textures/items/key_T1.png
2022-04-04 15:53:32 [CLIENT] [SEVERE] Using missing texture, unable to load: minecraft:textures/items/MISSING_ICON_ITEM_4259_ccprogramdisk.png
2022-04-04 15:53:32 [CLIENT] [SEVERE] Using missing texture, unable to load: minecraft:textures/items/meteorChunk.png
2022-04-04 15:53:37 [CLIENT] [INFO] Reloading ResourceManager: Default, FMLFileResourcePack:Forge Mod Loader, FMLFileResourcePack:Minecraft Forge, FMLFileResourcePack:Immibis's Microblocks, FMLFileResourcePack:Not Enough Items, FMLFileResourcePack:PowerCrystals Core, FMLFileResourcePack:Applied Energistics, FMLFileResourcePack:Atomic Science, FMLFileResourcePack:Autoutils, FMLFileResourcePack:Backpack, FMLFileResourcePack:Big Reactors, FMLFileResourcePack:bspkrsCore, FMLFileResourcePack:BC Builders, FMLFileResourcePack:BuildCraft, FMLFileResourcePack:BC Energy, FMLFileResourcePack:BC Factory, FMLFileResourcePack:BC Silicon, FMLFileResourcePack:BC Transport, FMLFileResourcePack:Additional Buildcraft Objects, FMLFileResourcePack:CalclaviaCore, FMLFileResourcePack:Carpenter's Blocks, FMLFileResourcePack:ChickenChunks, FMLFileResourcePack:CoFH Core, FMLFileResourcePack:CoFH Loot, FMLFileResourcePack:CoFH Masquerade, FMLFileResourcePack:CoFH Social, FMLFileResourcePack:CoFH World, FMLFileResourcePack:ComputerCraft Turtles, FMLFileResourcePack:ComputerCraft, FMLFileResourcePack:Dimensional Anchors, FMLFileResourcePack:Dimensional Doors, FMLFileResourcePack:EnderStorage, FMLFileResourcePack:Equivalent Exchange 3, FMLFileResourcePack:ExtraCells, FMLFileResourcePack:Extra Utilities, FMLFileResourcePack:Galacticraft Core, FMLFileResourcePack:Galacticraft Mars, FMLFileResourcePack:Greg's Lighting, FMLFileResourcePack:Immibis Core, FMLFileResourcePack:Inventory Tweaks, FMLFileResourcePack:Iron Chest, FMLFileResourcePack:Logistics Pipes, FMLFileResourcePack:MFR Compat Forestry Trees, FMLFileResourcePack:MFR Compat Extra Trees, FMLFileResourcePack:MineFactory Reloaded, FMLFileResourcePack:MFR Compat: Applied Energistics, FMLFileResourcePack:MFR Compat: Atum, FMLFileResourcePack:MFR Compat: BackTools, FMLFileResourcePack:MFR Compat: BuildCraft, FMLFileResourcePack:MFR Compat: Chococraft, FMLFileResourcePack:MFR Compat: ExtraBiomes, FMLFileResourcePack:MFR Compat: Forestry, FMLFileResourcePack:MFR Compat: Forestry (part 2), FMLFileResourcePack:MFR Compat: ForgeMicroblock, FMLFileResourcePack:MFR Compat: IC2, FMLFileResourcePack:MFR Compat: Mystcraft, FMLFileResourcePack:MFR Compat: Pam's Mods, FMLFileResourcePack:MFR Compat ProjectRed, FMLFileResourcePack:MFR Compat: Railcraft, FMLFileResourcePack:MFR Compat: RP2, FMLFileResourcePack:MFR Compat: Sufficient Biomes, FMLFileResourcePack:MFR Compat: Thaumcraft, FMLFileResourcePack:MFR Compat: Thermal Expansion, FMLFileResourcePack:MFR Compat: TwilightForest, FMLFileResourcePack:MFR Compat: Vanilla, FMLFileResourcePack:MFR Compat: XyCraft, FMLFileResourcePack:Modular Force Field System, FMLFileResourcePack:MachineMuse's Modular Powersuits, FMLFileResourcePack:Mystcraft, FMLFileResourcePack:NEI Plugins, FMLFileResourcePack:Nether Ores, FMLFileResourcePack:Numina, FMLFileResourcePack:OpenCCSensors, FMLFileResourcePack:OpenMods, FMLFileResourcePack:OpenPeripheralAddons, FMLFileResourcePack:OpenPeripheralCore, FMLFileResourcePack:Andrew's Modular Powersuits Addons, FMLFileResourcePack:Project Bench, FMLFileResourcePack:ProjectRed, FMLFileResourcePack:ProjectRed-Compatibility, FMLFileResourcePack:ProjectRed-Integration, FMLFileResourcePack:ProjectRed-Transmission, FMLFileResourcePack:ProjectRed-Illumination, FMLFileResourcePack:ProjectRed-Expansion, FMLFileResourcePack:ProjectRed-Transportation, FMLFileResourcePack:ProjectRed-Exploration, FMLFileResourcePack:qCraft, FMLFileResourcePack:Redstone Arsenal, FMLFileResourcePack:Redstone In Motion, FMLFileResourcePack:Simply Jetpacks, FMLFileResourcePack:Steve's Carts 2, FMLFileResourcePack:Thermal Expansion, FMLFileResourcePack:Trade Booth Mod, FMLFileResourcePack:Treecapitator, FMLFileResourcePack:Universal Electricity, FMLFileResourcePack:Vending, FMLFileResourcePack:Waila, FMLFileResourcePack:Balkon's WeaponMod, FMLFileResourcePack:WR-CBE Addons, FMLFileResourcePack:WR-CBE Core, FMLFileResourcePack:WR-CBE Logic, FMLFileResourcePack:Forge Microblocks, FMLFileResourcePack:Forge Multipart, FMLFileResourcePack:Minecraft Multipart Plugin
2022-04-04 15:53:37 [CLIENT] [SEVERE] Using missing texture, unable to load: ee3:textures/blocks/null.png
2022-04-04 15:53:37 [CLIENT] [SEVERE] Using missing texture, unable to load: minecraft:textures/blocks/MISSING_ICON_TILE_904_null_bottom.png
2022-04-04 15:53:37 [CLIENT] [SEVERE] Using missing texture, unable to load: minecraft:textures/blocks/MISSING_ICON_TILE_4091_block.fluid.bus.export.png
2022-04-04 15:53:37 [CLIENT] [SEVERE] Using missing texture, unable to load: minecraft:textures/blocks/MISSING_ICON_TILE_500_block.solderingstation.png
2022-04-04 15:53:37 [CLIENT] [SEVERE] Using missing texture, unable to load: atomicscience:textures/blocks/quantumAssembler.png
2022-04-04 15:53:37 [CLIENT] [SEVERE] Using missing texture, unable to load: minecraft:textures/blocks/MISSING_ICON_TILE_4090_block.fluid.bus.storage.png
2022-04-04 15:53:37 [CLIENT] [SEVERE] Using missing texture, unable to load: minecraft:textures/blocks/MISSING_ICON_ITEM_9288_projectred.transmission.framewire.png
2022-04-04 15:53:37 [CLIENT] [SEVERE] Using missing texture, unable to load: minecraft:textures/blocks/MISSING_ICON_TILE_904_null_side.png
2022-04-04 15:53:37 [CLIENT] [SEVERE] Using missing texture, unable to load: atomicscience:textures/blocks/fusionReactor.png
2022-04-04 15:53:37 [CLIENT] [SEVERE] Using missing texture, unable to load: minecraft:textures/blocks/MISSING_ICON_TILE_904_null_top.png
2022-04-04 15:53:37 [CLIENT] [SEVERE] Using missing texture, unable to load: atomicscience:textures/blocks/nuclearBoiler.png
2022-04-04 15:53:37 [CLIENT] [SEVERE] Using missing texture, unable to load: minecraft:textures/blocks/planks.png
2022-04-04 15:53:37 [CLIENT] [SEVERE] Using missing texture, unable to load: minecraft:textures/blocks/MISSING_ICON_TILE_4092_block.fluid.bus.import.png
2022-04-04 15:53:37 [CLIENT] [SEVERE] Using missing texture, unable to load: minecraft:textures/blocks/MISSING_ICON_TILE_1125_JAKJ_RedstoneInMotion_Spectre.png
2022-04-04 15:53:37 [CLIENT] [SEVERE] Using missing texture, unable to load: atomicscience:textures/blocks/uraniumOre_bottom.png
2022-04-04 15:53:37 [CLIENT] [SEVERE] Using missing texture, unable to load: ironchest:textures/blocks/dirtchest9000_front.png
2022-04-04 15:53:37 [CLIENT] [SEVERE] Using missing texture, unable to load: calclavia:textures/blocks/infinite.png
2022-04-04 15:53:37 [CLIENT] [SEVERE] Using missing texture, unable to load: galacticraftcore:textures/blocks/treasure_front_single.png
2022-04-04 15:53:37 [CLIENT] [SEVERE] Using missing texture, unable to load: calclavia:textures/blocks/multiPart.png
2022-04-04 15:53:37 [CLIENT] [SEVERE] Using missing texture, unable to load: thermalexpansion:textures/blocks/device/Device_Face_Lexicon.png
2022-04-04 15:53:37 [CLIENT] [SEVERE] Using missing texture, unable to load: ironchest:textures/blocks/dirtchest9000_top.png
2022-04-04 15:53:37 [CLIENT] [SEVERE] Using missing texture, unable to load: atomicscience:textures/blocks/uraniumOre_top.png
2022-04-04 15:53:37 [CLIENT] [SEVERE] Using missing texture, unable to load: atomicscience:textures/blocks/chemicalExtractor.png
2022-04-04 15:53:37 [CLIENT] [SEVERE] Using missing texture, unable to load: minecraft:textures/blocks/MISSING_ICON_TILE_4086_block.walrus.png
2022-04-04 15:53:37 [CLIENT] [SEVERE] Using missing texture, unable to load: minecraft:textures/blocks/MISSING_ICON_TILE_4085_block.fluid.levelemitter.png
2022-04-04 15:53:37 [CLIENT] [SEVERE] Using missing texture, unable to load: openperipheral:textures/blocks/sensor.png
2022-04-04 15:53:37 [CLIENT] [SEVERE] Using missing texture, unable to load: ironchest:textures/blocks/dirtchest9000_side.png
2022-04-04 15:53:37 [CLIENT] [SEVERE] Using missing texture, unable to load: minecraft:textures/blocks/MISSING_ICON_ITEM_4402_null.png
2022-04-04 15:53:37 [CLIENT] [SEVERE] Using missing texture, unable to load: atomicscience:textures/blocks/centrifuge.png
2022-04-04 15:53:37 [CLIENT] [SEVERE] Using missing texture, unable to load: thermalexpansion:textures/blocks/device/Device_Active_Lexicon.png
2022-04-04 15:53:37 [CLIENT] [SEVERE] Using missing texture, unable to load: minecraft:textures/blocks/MISSING_ICON_TILE_2138_null.png
2022-04-04 15:53:38 [CLIENT] [SEVERE] Using missing texture, unable to load: missing_icon_item_10259_extrautils:textures/items/builderswand.png
2022-04-04 15:53:38 [CLIENT] [SEVERE] Using missing texture, unable to load: missing_icon_item_10263_extrautils:textures/items/destructionpickaxe.png
2022-04-04 15:53:38 [CLIENT] [SEVERE] Using missing texture, unable to load: missing_icon_item_10265_extrautils:textures/items/temporalHoe.png
2022-04-04 15:53:38 [CLIENT] [SEVERE] Using missing texture, unable to load: extracells:textures/items/storage.fluid.16m.png
2022-04-04 15:53:38 [CLIENT] [SEVERE] Using missing texture, unable to load: missing_icon_item_10260_extrautils:textures/items/creativebuilderswand.png
2022-04-04 15:53:38 [CLIENT] [SEVERE] Using missing texture, unable to load: galacticraftcore:textures/items/key_T1.png
2022-04-04 15:53:38 [CLIENT] [SEVERE] Using missing texture, unable to load: missing_icon_item_10264_extrautils:textures/items/defoliageAxe.png
2022-04-04 15:53:38 [CLIENT] [SEVERE] Using missing texture, unable to load: extracells:textures/items/storage.fluid.4m.png
2022-04-04 15:53:38 [CLIENT] [SEVERE] Using missing texture, unable to load: extracells:textures/items/storage.fluid.1m.png
2022-04-04 15:53:38 [CLIENT] [SEVERE] Using missing texture, unable to load: logisticspipes:textures/items/ItemPipeSignCreator.png
2022-04-04 15:53:38 [CLIENT] [SEVERE] Using missing texture, unable to load: extracells:textures/items/storage.fluid.256k.png
2022-04-04 15:53:38 [CLIENT] [SEVERE] Using missing texture, unable to load: missing_icon_item_10262_extrautils:textures/items/erosionShovel.png
2022-04-04 15:53:38 [CLIENT] [SEVERE] Using missing texture, unable to load: missing_icon_item_10261_extrautils:textures/items/ethericsword.png
2022-04-04 15:53:38 [CLIENT] [SEVERE] Using missing texture, unable to load: missing_icon_item_10258_extrautils:textures/items/unstableingot.png
2022-04-04 15:53:38 [CLIENT] [SEVERE] Using missing texture, unable to load: minecraft:textures/items/MISSING_ICON_ITEM_4259_ccprogramdisk.png
2022-04-04 15:53:38 [CLIENT] [SEVERE] Using missing texture, unable to load: minecraft:textures/items/meteorChunk.png
2022-04-04 15:53:38 [CLIENT] [SEVERE] Realms: Server not available!
2022-04-04 15:55:35 [CLIENT] [INFO] [CHAT] Backpack Mod is up to date
2022-04-04 15:55:37 [CLIENT] [INFO] [CHAT] New Galacticraft version available! v4.0.2 http://micdoodle8.com/
2022-04-04 15:55:54 [CLIENT] [INFO] [CHAT] Local game hosted on port 63021
2022-04-04 15:56:23 [CLIENT] [INFO] Stopping!
2022-04-04 16:34:39 [CLIENT] [INFO] Setting user: Brykie
2022-04-04 16:34:40 [CLIENT] [INFO] LWJGL Version: 2.9.0
2022-04-04 16:34:40 [CLIENT] [INFO] Reloading ResourceManager: Default
2022-04-04 16:34:43 [CLIENT] [INFO] Reloading ResourceManager: Default, FMLFileResourcePack:Forge Mod Loader, FMLFileResourcePack:Minecraft Forge, FMLFileResourcePack:Immibis's Microblocks, FMLFileResourcePack:Not Enough Items, FMLFileResourcePack:PowerCrystals Core, FMLFileResourcePack:Applied Energistics, FMLFileResourcePack:Atomic Science, FMLFileResourcePack:Autoutils, FMLFileResourcePack:Backpack, FMLFileResourcePack:Big Reactors, FMLFileResourcePack:bspkrsCore, FMLFileResourcePack:BC Builders, FMLFileResourcePack:BuildCraft, FMLFileResourcePack:BC Energy, FMLFileResourcePack:BC Factory, FMLFileResourcePack:BC Silicon, FMLFileResourcePack:BC Transport, FMLFileResourcePack:Additional Buildcraft Objects, FMLFileResourcePack:Calclavia, FMLFileResourcePack:Carpenter's Blocks, FMLFileResourcePack:ChickenChunks, FMLFileResourcePack:CoFH Core, FMLFileResourcePack:CoFH Loot, FMLFileResourcePack:CoFH Masquerade, FMLFileResourcePack:CoFH Social, FMLFileResourcePack:CoFH World, FMLFileResourcePack:ComputerCraft Turtles, FMLFileResourcePack:ComputerCraft, FMLFileResourcePack:Dimensional Anchors, FMLFileResourcePack:Dimensional Doors, FMLFileResourcePack:EnderStorage, FMLFileResourcePack:Equivalent Exchange 3, FMLFileResourcePack:ExtraCells, FMLFileResourcePack:Extra Utilities, FMLFileResourcePack:Galacticraft Core, FMLFileResourcePack:Galacticraft Mars, FMLFileResourcePack:Greg's Lighting, FMLFileResourcePack:Immibis Core, FMLFileResourcePack:Inventory Tweaks, FMLFileResourcePack:Iron Chest, FMLFileResourcePack:Logistics Pipes, FMLFileResourcePack:MFR Compat Forestry Trees, FMLFileResourcePack:MFR Compat Extra Trees, FMLFileResourcePack:MineFactory Reloaded, FMLFileResourcePack:MFR Compat: Applied Energistics, FMLFileResourcePack:MFR Compat: Atum, FMLFileResourcePack:MFR Compat: BackTools, FMLFileResourcePack:MFR Compat: BuildCraft, FMLFileResourcePack:MFR Compat: Chococraft, FMLFileResourcePack:MFR Compat: ExtraBiomes, FMLFileResourcePack:MFR Compat: Forestry, FMLFileResourcePack:MFR Compat: Forestry (part 2), FMLFileResourcePack:MFR Compat: ForgeMicroblock, FMLFileResourcePack:MFR Compat: IC2, FMLFileResourcePack:MFR Compat: Mystcraft, FMLFileResourcePack:MFR Compat: Pam's Mods, FMLFileResourcePack:MFR Compat ProjectRed, FMLFileResourcePack:MFR Compat: Railcraft, FMLFileResourcePack:MFR Compat: RP2, FMLFileResourcePack:MFR Compat: Sufficient Biomes, FMLFileResourcePack:MFR Compat: Thaumcraft, FMLFileResourcePack:MFR Compat: Thermal Expansion, FMLFileResourcePack:MFR Compat: TwilightForest, FMLFileResourcePack:MFR Compat: Vanilla, FMLFileResourcePack:MFR Compat: XyCraft, FMLFileResourcePack:Modular Force Field System, FMLFileResourcePack:MachineMuse's Modular Powersuits, FMLFileResourcePack:Mystcraft, FMLFileResourcePack:NEI Plugins, FMLFileResourcePack:Nether Ores, FMLFileResourcePack:Numina, FMLFileResourcePack:OpenCCSensors, FMLFileResourcePack:OpenMods, FMLFileResourcePack:OpenPeripheralAddons, FMLFileResourcePack:OpenPeripheralCore, FMLFileResourcePack:Andrew's Modular Powersuits Addons, FMLFileResourcePack:Project Bench, FMLFileResourcePack:ProjectRed, FMLFileResourcePack:ProjectRed-Compatibility, FMLFileResourcePack:ProjectRed-Integration, FMLFileResourcePack:ProjectRed-Transmission, FMLFileResourcePack:ProjectRed-Illumination, FMLFileResourcePack:ProjectRed-Expansion, FMLFileResourcePack:ProjectRed-Transportation, FMLFileResourcePack:ProjectRed-Exploration, FMLFileResourcePack:qCraft, FMLFileResourcePack:Redstone Arsenal, FMLFileResourcePack:Redstone In Motion, FMLFileResourcePack:Simply Jetpacks, FMLFileResourcePack:Steve's Carts 2, FMLFileResourcePack:Thermal Expansion, FMLFileResourcePack:Trade Booth Mod, FMLFileResourcePack:Treecapitator, FMLFileResourcePack:Universal Electricity, FMLFileResourcePack:Vending, FMLFileResourcePack:Waila, FMLFileResourcePack:Balkon's WeaponMod, FMLFileResourcePack:WR-CBE Addons, FMLFileResourcePack:WR-CBE Core, FMLFileResourcePack:WR-CBE Logic, FMLFileResourcePack:Forge Microblocks, FMLFileResourcePack:Forge Multipart, FMLFileResourcePack:Minecraft Multipart Plugin
2022-04-04 16:34:53 [CLIENT] [SEVERE] Using missing texture, unable to load: ee3:textures/blocks/null.png
2022-04-04 16:34:53 [CLIENT] [SEVERE] Using missing texture, unable to load: atomicscience:textures/blocks/uraniumOre_bottom.png
2022-04-04 16:34:53 [CLIENT] [SEVERE] Using missing texture, unable to load: ironchest:textures/blocks/dirtchest9000_front.png
2022-04-04 16:34:53 [CLIENT] [SEVERE] Using missing texture, unable to load: calclavia:textures/blocks/infinite.png
2022-04-04 16:34:53 [CLIENT] [SEVERE] Using missing texture, unable to load: galacticraftcore:textures/blocks/treasure_front_single.png
2022-04-04 16:34:53 [CLIENT] [SEVERE] Using missing texture, unable to load: calclavia:textures/blocks/multiPart.png
2022-04-04 16:34:53 [CLIENT] [SEVERE] Using missing texture, unable to load: atomicscience:textures/blocks/quantumAssembler.png
2022-04-04 16:34:53 [CLIENT] [SEVERE] Using missing texture, unable to load: ironchest:textures/blocks/dirtchest9000_top.png
2022-04-04 16:34:53 [CLIENT] [SEVERE] Using missing texture, unable to load: atomicscience:textures/blocks/uraniumOre_top.png
2022-04-04 16:34:53 [CLIENT] [SEVERE] Using missing texture, unable to load: atomicscience:textures/blocks/fusionReactor.png
2022-04-04 16:34:53 [CLIENT] [SEVERE] Using missing texture, unable to load: atomicscience:textures/blocks/chemicalExtractor.png
2022-04-04 16:34:53 [CLIENT] [SEVERE] Using missing texture, unable to load: openperipheral:textures/blocks/sensor.png
2022-04-04 16:34:53 [CLIENT] [SEVERE] Using missing texture, unable to load: ironchest:textures/blocks/dirtchest9000_side.png
2022-04-04 16:34:53 [CLIENT] [SEVERE] Using missing texture, unable to load: atomicscience:textures/blocks/nuclearBoiler.png
2022-04-04 16:34:53 [CLIENT] [SEVERE] Using missing texture, unable to load: atomicscience:textures/blocks/centrifuge.png
2022-04-04 16:34:53 [CLIENT] [SEVERE] Using missing texture, unable to load: galacticraftcore:textures/items/key_T1.png
2022-04-04 16:34:53 [CLIENT] [SEVERE] Using missing texture, unable to load: minecraft:textures/items/MISSING_ICON_ITEM_4259_ccprogramdisk.png
2022-04-04 16:34:53 [CLIENT] [SEVERE] Using missing texture, unable to load: minecraft:textures/items/meteorChunk.png
2022-04-04 16:34:58 [CLIENT] [INFO] Reloading ResourceManager: Default, FMLFileResourcePack:Forge Mod Loader, FMLFileResourcePack:Minecraft Forge, FMLFileResourcePack:Immibis's Microblocks, FMLFileResourcePack:Not Enough Items, FMLFileResourcePack:PowerCrystals Core, FMLFileResourcePack:Applied Energistics, FMLFileResourcePack:Atomic Science, FMLFileResourcePack:Autoutils, FMLFileResourcePack:Backpack, FMLFileResourcePack:Big Reactors, FMLFileResourcePack:bspkrsCore, FMLFileResourcePack:BC Builders, FMLFileResourcePack:BuildCraft, FMLFileResourcePack:BC Energy, FMLFileResourcePack:BC Factory, FMLFileResourcePack:BC Silicon, FMLFileResourcePack:BC Transport, FMLFileResourcePack:Additional Buildcraft Objects, FMLFileResourcePack:CalclaviaCore, FMLFileResourcePack:Carpenter's Blocks, FMLFileResourcePack:ChickenChunks, FMLFileResourcePack:CoFH Core, FMLFileResourcePack:CoFH Loot, FMLFileResourcePack:CoFH Masquerade, FMLFileResourcePack:CoFH Social, FMLFileResourcePack:CoFH World, FMLFileResourcePack:ComputerCraft Turtles, FMLFileResourcePack:ComputerCraft, FMLFileResourcePack:Dimensional Anchors, FMLFileResourcePack:Dimensional Doors, FMLFileResourcePack:EnderStorage, FMLFileResourcePack:Equivalent Exchange 3, FMLFileResourcePack:ExtraCells, FMLFileResourcePack:Extra Utilities, FMLFileResourcePack:Galacticraft Core, FMLFileResourcePack:Galacticraft Mars, FMLFileResourcePack:Greg's Lighting, FMLFileResourcePack:Immibis Core, FMLFileResourcePack:Inventory Tweaks, FMLFileResourcePack:Iron Chest, FMLFileResourcePack:Logistics Pipes, FMLFileResourcePack:MFR Compat Forestry Trees, FMLFileResourcePack:MFR Compat Extra Trees, FMLFileResourcePack:MineFactory Reloaded, FMLFileResourcePack:MFR Compat: Applied Energistics, FMLFileResourcePack:MFR Compat: Atum, FMLFileResourcePack:MFR Compat: BackTools, FMLFileResourcePack:MFR Compat: BuildCraft, FMLFileResourcePack:MFR Compat: Chococraft, FMLFileResourcePack:MFR Compat: ExtraBiomes, FMLFileResourcePack:MFR Compat: Forestry, FMLFileResourcePack:MFR Compat: Forestry (part 2), FMLFileResourcePack:MFR Compat: ForgeMicroblock, FMLFileResourcePack:MFR Compat: IC2, FMLFileResourcePack:MFR Compat: Mystcraft, FMLFileResourcePack:MFR Compat: Pam's Mods, FMLFileResourcePack:MFR Compat ProjectRed, FMLFileResourcePack:MFR Compat: Railcraft, FMLFileResourcePack:MFR Compat: RP2, FMLFileResourcePack:MFR Compat: Sufficient Biomes, FMLFileResourcePack:MFR Compat: Thaumcraft, FMLFileResourcePack:MFR Compat: Thermal Expansion, FMLFileResourcePack:MFR Compat: TwilightForest, FMLFileResourcePack:MFR Compat: Vanilla, FMLFileResourcePack:MFR Compat: XyCraft, FMLFileResourcePack:Modular Force Field System, FMLFileResourcePack:MachineMuse's Modular Powersuits, FMLFileResourcePack:Mystcraft, FMLFileResourcePack:NEI Plugins, FMLFileResourcePack:Nether Ores, FMLFileResourcePack:Numina, FMLFileResourcePack:OpenCCSensors, FMLFileResourcePack:OpenMods, FMLFileResourcePack:OpenPeripheralAddons, FMLFileResourcePack:OpenPeripheralCore, FMLFileResourcePack:Andrew's Modular Powersuits Addons, FMLFileResourcePack:Project Bench, FMLFileResourcePack:ProjectRed, FMLFileResourcePack:ProjectRed-Compatibility, FMLFileResourcePack:ProjectRed-Integration, FMLFileResourcePack:ProjectRed-Transmission, FMLFileResourcePack:ProjectRed-Illumination, FMLFileResourcePack:ProjectRed-Expansion, FMLFileResourcePack:ProjectRed-Transportation, FMLFileResourcePack:ProjectRed-Exploration, FMLFileResourcePack:qCraft, FMLFileResourcePack:Redstone Arsenal, FMLFileResourcePack:Redstone In Motion, FMLFileResourcePack:Simply Jetpacks, FMLFileResourcePack:Steve's Carts 2, FMLFileResourcePack:Thermal Expansion, FMLFileResourcePack:Trade Booth Mod, FMLFileResourcePack:Treecapitator, FMLFileResourcePack:Universal Electricity, FMLFileResourcePack:Vending, FMLFileResourcePack:Waila, FMLFileResourcePack:Balkon's WeaponMod, FMLFileResourcePack:WR-CBE Addons, FMLFileResourcePack:WR-CBE Core, FMLFileResourcePack:WR-CBE Logic, FMLFileResourcePack:Forge Microblocks, FMLFileResourcePack:Forge Multipart, FMLFileResourcePack:Minecraft Multipart Plugin
2022-04-04 16:34:58 [CLIENT] [SEVERE] Using missing texture, unable to load: ee3:textures/blocks/null.png
2022-04-04 16:34:58 [CLIENT] [SEVERE] Using missing texture, unable to load: minecraft:textures/blocks/MISSING_ICON_TILE_904_null_bottom.png
2022-04-04 16:34:58 [CLIENT] [SEVERE] Using missing texture, unable to load: minecraft:textures/blocks/MISSING_ICON_TILE_4091_block.fluid.bus.export.png
2022-04-04 16:34:58 [CLIENT] [SEVERE] Using missing texture, unable to load: minecraft:textures/blocks/MISSING_ICON_TILE_500_block.solderingstation.png
2022-04-04 16:34:58 [CLIENT] [SEVERE] Using missing texture, unable to load: atomicscience:textures/blocks/quantumAssembler.png
2022-04-04 16:34:58 [CLIENT] [SEVERE] Using missing texture, unable to load: minecraft:textures/blocks/MISSING_ICON_TILE_4090_block.fluid.bus.storage.png
2022-04-04 16:34:58 [CLIENT] [SEVERE] Using missing texture, unable to load: minecraft:textures/blocks/MISSING_ICON_ITEM_9288_projectred.transmission.framewire.png
2022-04-04 16:34:58 [CLIENT] [SEVERE] Using missing texture, unable to load: minecraft:textures/blocks/MISSING_ICON_TILE_904_null_side.png
2022-04-04 16:34:58 [CLIENT] [SEVERE] Using missing texture, unable to load: atomicscience:textures/blocks/fusionReactor.png
2022-04-04 16:34:58 [CLIENT] [SEVERE] Using missing texture, unable to load: minecraft:textures/blocks/MISSING_ICON_TILE_904_null_top.png
2022-04-04 16:34:58 [CLIENT] [SEVERE] Using missing texture, unable to load: atomicscience:textures/blocks/nuclearBoiler.png
2022-04-04 16:34:58 [CLIENT] [SEVERE] Using missing texture, unable to load: minecraft:textures/blocks/planks.png
2022-04-04 16:34:58 [CLIENT] [SEVERE] Using missing texture, unable to load: minecraft:textures/blocks/MISSING_ICON_TILE_4092_block.fluid.bus.import.png
2022-04-04 16:34:58 [CLIENT] [SEVERE] Using missing texture, unable to load: minecraft:textures/blocks/MISSING_ICON_TILE_1125_JAKJ_RedstoneInMotion_Spectre.png
2022-04-04 16:34:58 [CLIENT] [SEVERE] Using missing texture, unable to load: atomicscience:textures/blocks/uraniumOre_bottom.png
2022-04-04 16:34:58 [CLIENT] [SEVERE] Using missing texture, unable to load: ironchest:textures/blocks/dirtchest9000_front.png
2022-04-04 16:34:58 [CLIENT] [SEVERE] Using missing texture, unable to load: calclavia:textures/blocks/infinite.png
2022-04-04 16:34:58 [CLIENT] [SEVERE] Using missing texture, unable to load: galacticraftcore:textures/blocks/treasure_front_single.png
2022-04-04 16:34:58 [CLIENT] [SEVERE] Using missing texture, unable to load: calclavia:textures/blocks/multiPart.png
2022-04-04 16:34:58 [CLIENT] [SEVERE] Using missing texture, unable to load: thermalexpansion:textures/blocks/device/Device_Face_Lexicon.png
2022-04-04 16:34:58 [CLIENT] [SEVERE] Using missing texture, unable to load: ironchest:textures/blocks/dirtchest9000_top.png
2022-04-04 16:34:58 [CLIENT] [SEVERE] Using missing texture, unable to load: atomicscience:textures/blocks/uraniumOre_top.png
2022-04-04 16:34:58 [CLIENT] [SEVERE] Using missing texture, unable to load: atomicscience:textures/blocks/chemicalExtractor.png
2022-04-04 16:34:58 [CLIENT] [SEVERE] Using missing texture, unable to load: minecraft:textures/blocks/MISSING_ICON_TILE_4086_block.walrus.png
2022-04-04 16:34:58 [CLIENT] [SEVERE] Using missing texture, unable to load: minecraft:textures/blocks/MISSING_ICON_TILE_4085_block.fluid.levelemitter.png
2022-04-04 16:34:58 [CLIENT] [SEVERE] Using missing texture, unable to load: openperipheral:textures/blocks/sensor.png
2022-04-04 16:34:58 [CLIENT] [SEVERE] Using missing texture, unable to load: ironchest:textures/blocks/dirtchest9000_side.png
2022-04-04 16:34:58 [CLIENT] [SEVERE] Using missing texture, unable to load: minecraft:textures/blocks/MISSING_ICON_ITEM_4402_null.png
2022-04-04 16:34:58 [CLIENT] [SEVERE] Using missing texture, unable to load: atomicscience:textures/blocks/centrifuge.png
2022-04-04 16:34:58 [CLIENT] [SEVERE] Using missing texture, unable to load: thermalexpansion:textures/blocks/device/Device_Active_Lexicon.png
2022-04-04 16:34:58 [CLIENT] [SEVERE] Using missing texture, unable to load: minecraft:textures/blocks/MISSING_ICON_TILE_2138_null.png
2022-04-04 16:34:58 [CLIENT] [SEVERE] Using missing texture, unable to load: missing_icon_item_10259_extrautils:textures/items/builderswand.png
2022-04-04 16:34:59 [CLIENT] [SEVERE] Using missing texture, unable to load: missing_icon_item_10263_extrautils:textures/items/destructionpickaxe.png
2022-04-04 16:34:59 [CLIENT] [SEVERE] Using missing texture, unable to load: missing_icon_item_10265_extrautils:textures/items/temporalHoe.png
2022-04-04 16:34:59 [CLIENT] [SEVERE] Using missing texture, unable to load: extracells:textures/items/storage.fluid.16m.png
2022-04-04 16:34:59 [CLIENT] [SEVERE] Using missing texture, unable to load: missing_icon_item_10260_extrautils:textures/items/creativebuilderswand.png
2022-04-04 16:34:59 [CLIENT] [SEVERE] Using missing texture, unable to load: galacticraftcore:textures/items/key_T1.png
2022-04-04 16:34:59 [CLIENT] [SEVERE] Using missing texture, unable to load: missing_icon_item_10264_extrautils:textures/items/defoliageAxe.png
2022-04-04 16:34:59 [CLIENT] [SEVERE] Using missing texture, unable to load: extracells:textures/items/storage.fluid.4m.png
2022-04-04 16:34:59 [CLIENT] [SEVERE] Using missing texture, unable to load: extracells:textures/items/storage.fluid.1m.png
2022-04-04 16:34:59 [CLIENT] [SEVERE] Using missing texture, unable to load: logisticspipes:textures/items/ItemPipeSignCreator.png
2022-04-04 16:34:59 [CLIENT] [SEVERE] Using missing texture, unable to load: extracells:textures/items/storage.fluid.256k.png
2022-04-04 16:34:59 [CLIENT] [SEVERE] Using missing texture, unable to load: missing_icon_item_10262_extrautils:textures/items/erosionShovel.png
2022-04-04 16:34:59 [CLIENT] [SEVERE] Using missing texture, unable to load: missing_icon_item_10261_extrautils:textures/items/ethericsword.png
2022-04-04 16:34:59 [CLIENT] [SEVERE] Using missing texture, unable to load: missing_icon_item_10258_extrautils:textures/items/unstableingot.png
2022-04-04 16:34:59 [CLIENT] [SEVERE] Using missing texture, unable to load: minecraft:textures/items/MISSING_ICON_ITEM_4259_ccprogramdisk.png
2022-04-04 16:34:59 [CLIENT] [SEVERE] Using missing texture, unable to load: minecraft:textures/items/meteorChunk.png
2022-04-04 16:34:59 [CLIENT] [SEVERE] Realms: Server not available!
2022-04-04 16:35:23 [CLIENT] [INFO] Connecting to 198.23.203.100, 25565
2022-04-04 16:35:27 [CLIENT] [INFO] [CHAT] Backpack Mod is up to date
2022-04-04 16:35:32 [CLIENT] [INFO] [CHAT] New Galacticraft version available! v4.0.2 http://micdoodle8.com/
2022-04-04 16:52:11 [CLIENT] [INFO] [CHAT] Brykie was blown up by Creeper
2022-04-04 16:54:30 [CLIENT] [SEVERE] Reached end of stream for /198.23.203.100
2022-04-04 16:54:31 [CLIENT] [INFO] Stopping!
