2022-04-04 15:55:23 [SERVER] [INFO] Starting integrated minecraft server version 1.6.4
2022-04-04 15:55:23 [SERVER] [INFO] Generating keypair
2022-04-04 15:55:24 [SERVER] [INFO] Converting map!
2022-04-04 15:55:24 [SERVER] [INFO] Scanning folders...
2022-04-04 15:55:24 [SERVER] [INFO] Total conversion count is 0
2022-04-04 15:55:24 [SERVER] [INFO] Preparing start region for level 0
2022-04-04 15:55:25 [SERVER] [INFO] Preparing spawn area: 15%
2022-04-04 15:55:26 [SERVER] [INFO] Preparing spawn area: 37%
2022-04-04 15:55:28 [SERVER] [INFO] Preparing spawn area: 52%
2022-04-04 15:55:29 [SERVER] [INFO] Preparing spawn area: 57%
2022-04-04 15:55:30 [SERVER] [INFO] Preparing spawn area: 65%
2022-04-04 15:55:31 [SERVER] [INFO] Preparing spawn area: 80%
2022-04-04 15:55:32 [SERVER] [INFO] Preparing spawn area: 98%
2022-04-04 15:55:32 [SERVER] [INFO] Brykie[/127.0.0.1:0] logged in with entity id 218 at (232.5, 65.0, 250.5)
2022-04-04 15:55:32 [SERVER] [INFO] Brykie joined the game
2022-04-04 15:55:44 [SERVER] [INFO] Saving and pausing game...
2022-04-04 15:55:44 [SERVER] [INFO] Saving chunks for level 'Paradis Island'/Overworld
2022-04-04 15:55:47 [SERVER] [INFO] Saving chunks for level 'Paradis Island'/Nether
2022-04-04 15:55:47 [SERVER] [WARNING] Can't keep up! Did the system time change, or is the server overloaded?
2022-04-04 15:55:54 [SERVER] [INFO] Started on 63021
2022-04-04 15:56:20 [SERVER] [INFO] Stopping server
2022-04-04 15:56:20 [SERVER] [INFO] Stopping server connection
2022-04-04 15:56:20 [SERVER] [INFO] Saving players
2022-04-04 15:56:20 [SERVER] [INFO] Closing listening thread
2022-04-04 15:56:20 [SERVER] [INFO] Brykie left the game
2022-04-04 15:56:20 [SERVER] [INFO] Saving worlds
2022-04-04 15:56:20 [SERVER] [INFO] Saving chunks for level 'Paradis Island'/Overworld
2022-04-04 15:56:20 [SERVER] [INFO] Saving chunks for level 'Paradis Island'/Nether
